#-----------------------------------------------------------
# Vivado v2018.3 (64-bit)
# SW Build 2405991 on Thu Dec  6 23:38:27 MST 2018
# IP Build 2404404 on Fri Dec  7 01:43:56 MST 2018
# Start of session at: Mon Feb  4 20:54:17 2019
# Process ID: 3076
# Current directory: C:/ENES-246/Lab2/project_1
# Command line: vivado.exe -gui_launcher_event rodinguilauncherevent4520 C:\ENES-246\Lab2\project_1\project_1.xpr
# Log file: C:/ENES-246/Lab2/project_1/vivado.log
# Journal file: C:/ENES-246/Lab2/project_1\vivado.jou
#-----------------------------------------------------------
start_gui
open_project C:/ENES-246/Lab2/project_1/project_1.xpr
INFO: [Project 1-313] Project file moved from 'C:/Labs/ENES246-master/-2VoltageControlledBuffer/project_1' since last save.
Scanning sources...
Finished scanning sources
WARNING: [filemgmt 56-2] IPUserFilesDir: Could not find the directory 'C:/ENES-246/Lab2/project_1/project_1.ip_user_files', nor could it be found using path 'C:/Labs/ENES246-master/-2VoltageControlledBuffer/project_1/project_1.ip_user_files'.
CRITICAL WARNING: [Board 49-67] The board_part definition was not found for digilentinc.com:nexys4_ddr:part0:1.1. This can happen sometimes when you use custom board part. You can resolve this issue by setting 'board.repoPaths' parameter, pointing to the location of custom board files. Valid board_part values can be retrieved with the 'get_board_parts' Tcl command.
INFO: [IP_Flow 19-234] Refreshing IP repositories
INFO: [IP_Flow 19-1704] No user IP repositories specified
INFO: [IP_Flow 19-2313] Loaded Vivado IP repository 'C:/Xilinx/Vivado/2018.3/data/ip'.
update_compile_order -fileset sources_1
exit
INFO: [Common 17-206] Exiting Vivado at Mon Feb  4 20:55:08 2019...
